2018-04-03 20:31:44 INFO  LogUtils:48 - onStart ISuite : About to begin executing Suite Regression Suite - Project 01
2018-04-03 20:31:44 INFO  LogUtils:48 - onStart ITestContext : About to begin executing Test Project 01 - Test 01
2018-04-03 20:31:44 INFO  LogUtils:48 - Calling Constructor : DriverUtil()
2018-04-03 20:31:44 INFO  LogUtils:48 - Reading Contents of Property File
2018-04-03 20:31:44 INFO  LogUtils:48 - Windows
2018-04-03 20:31:44 INFO  LogUtils:48 - Firefox
2018-04-03 20:31:44 INFO  LogUtils:48 - No
2018-04-03 20:31:44 INFO  LogUtils:48 - http://localhost:4444/wd/hub
2018-04-03 20:31:49 INFO  LogUtils:48 - Calling BasePage Constructor
2018-04-03 20:31:49 INFO  LogUtils:48 - Reading Contents of Property File
2018-04-03 20:31:49 INFO  LogUtils:48 - Platform => Windows
2018-04-03 20:31:49 INFO  LogUtils:48 - RemoteURL => http://localhost:4444/wd/hub
2018-04-03 20:31:49 INFO  LogUtils:48 - IsRemote => Yes
2018-04-03 20:31:49 INFO  LogUtils:48 - Browser => Firefox
2018-04-03 20:31:49 INFO  LogUtils:48 - File test-data.xlsx
2018-04-03 20:31:49 INFO  LogUtils:48 - Using getUrl()
2018-04-03 20:31:58 INFO  LogUtils:48 - Using click()
2018-04-03 20:32:01 INFO  LogUtils:48 - onFinish ISuite : About to end executing Suite Regression Suite - Project 01
2018-04-04 15:58:47 INFO  LogUtils:48 - onStart ISuite : About to begin executing Suite Regression Suite - Project 01
2018-04-04 15:58:47 INFO  LogUtils:48 - onStart ITestContext : About to begin executing Test Project 01 - Test 01
2018-04-04 15:58:47 INFO  LogUtils:48 - Calling Constructor : DriverUtil()
2018-04-04 15:58:47 INFO  LogUtils:48 - Reading Contents of Property File
2018-04-04 15:58:47 INFO  LogUtils:48 - Windows
2018-04-04 15:58:47 INFO  LogUtils:48 - Firefox
2018-04-04 15:58:47 INFO  LogUtils:48 - Yes
2018-04-04 15:58:47 INFO  LogUtils:48 - http://localhost:4444/wd/hub
2018-04-04 15:58:47 INFO  LogUtils:48 - Entering Method : intializeDriver
2018-04-04 15:58:47 INFO  LogUtils:48 - Using Browser Firefox
2018-04-04 15:58:47 INFO  LogUtils:48 - Entering Block to run test on Remote Environment
2018-04-04 15:58:53 INFO  LogUtils:48 - Calling BasePage Constructor
2018-04-04 15:58:53 INFO  LogUtils:48 - Reading Contents of Property File
2018-04-04 15:58:53 INFO  LogUtils:48 - Platform => Windows
2018-04-04 15:58:53 INFO  LogUtils:48 - RemoteURL => http://localhost:4444/wd/hub
2018-04-04 15:58:53 INFO  LogUtils:48 - IsRemote => Yes
2018-04-04 15:58:53 INFO  LogUtils:48 - Browser => Firefox
2018-04-04 15:58:53 INFO  LogUtils:48 - File test-data.xlsx
2018-04-04 15:58:53 INFO  LogUtils:48 - Using getUrl()
2018-04-04 15:59:01 INFO  LogUtils:48 - Using click()
2018-04-04 15:59:05 INFO  LogUtils:48 - onFinish ISuite : About to end executing Suite Regression Suite - Project 01
2018-04-04 16:00:06 INFO  LogUtils:48 - onStart ISuite : About to begin executing Suite Regression Suite - Project 01
2018-04-04 16:00:06 INFO  LogUtils:48 - onStart ITestContext : About to begin executing Test Project 01 - Test 01
2018-04-04 16:00:06 INFO  LogUtils:48 - Calling Constructor : DriverUtil()
2018-04-04 16:00:06 INFO  LogUtils:48 - Reading Contents of Property File
2018-04-04 16:00:06 INFO  LogUtils:48 - Windows
2018-04-04 16:00:06 INFO  LogUtils:48 - Chrome
2018-04-04 16:00:06 INFO  LogUtils:48 - Yes
2018-04-04 16:00:06 INFO  LogUtils:48 - http://localhost:4444/wd/hub
2018-04-04 16:00:06 INFO  LogUtils:48 - Entering Method : intializeDriver
2018-04-04 16:00:06 INFO  LogUtils:48 - onFinish ISuite : About to end executing Suite Regression Suite - Project 01
2018-04-04 16:01:28 INFO  LogUtils:48 - onStart ISuite : About to begin executing Suite Regression Suite - Project 01
2018-04-04 16:01:28 INFO  LogUtils:48 - onStart ITestContext : About to begin executing Test Project 01 - Test 01
2018-04-04 16:01:28 INFO  LogUtils:48 - Calling Constructor : DriverUtil()
2018-04-04 16:01:28 INFO  LogUtils:48 - Reading Contents of Property File
2018-04-04 16:01:28 INFO  LogUtils:48 - Windows
2018-04-04 16:01:28 INFO  LogUtils:48 - Firefox
2018-04-04 16:01:28 INFO  LogUtils:48 - Yes
2018-04-04 16:01:28 INFO  LogUtils:48 - http://localhost:4444/wd/hub
2018-04-04 16:01:28 INFO  LogUtils:48 - Entering Method : intializeDriver
2018-04-04 16:01:28 INFO  LogUtils:48 - Using Browser Firefox
2018-04-04 16:01:28 INFO  LogUtils:48 - Entering Block to run test on Remote Environment
2018-04-04 16:01:33 INFO  LogUtils:48 - Calling BasePage Constructor
2018-04-04 16:01:33 INFO  LogUtils:48 - Reading Contents of Property File
2018-04-04 16:01:33 INFO  LogUtils:48 - Platform => Windows
2018-04-04 16:01:33 INFO  LogUtils:48 - RemoteURL => http://localhost:4444/wd/hub
2018-04-04 16:01:33 INFO  LogUtils:48 - IsRemote => Yes
2018-04-04 16:01:33 INFO  LogUtils:48 - Browser => Firefox
2018-04-04 16:01:33 INFO  LogUtils:48 - File test-data.xlsx
2018-04-04 16:01:33 INFO  LogUtils:48 - Using getUrl()
2018-04-04 16:01:42 INFO  LogUtils:48 - Using click()
2018-04-04 16:01:46 INFO  LogUtils:48 - onFinish ISuite : About to end executing Suite Regression Suite - Project 01
2018-04-09 19:28:42 INFO  LogUtils:48 - onStart ISuite : About to begin executing Suite Regression Suite - Project 01
2018-04-09 19:28:42 INFO  LogUtils:48 - onStart ITestContext : About to begin executing Test Project 01 - Test 01
2018-04-09 19:28:42 INFO  LogUtils:48 - Calling Constructor : DriverUtil()
2018-04-09 19:28:43 INFO  LogUtils:48 - onFinish ISuite : About to end executing Suite Regression Suite - Project 01
2018-04-09 19:31:11 INFO  LogUtils:48 - onStart ISuite : About to begin executing Suite Regression Suite - Project 01
2018-04-09 19:31:11 INFO  LogUtils:48 - onStart ITestContext : About to begin executing Test Project 01 - Test 01
2018-04-09 19:31:11 INFO  LogUtils:48 - Calling Constructor : DriverUtil()
2018-04-09 19:31:11 INFO  LogUtils:48 - Reading Contents of Property File
2018-04-09 19:31:11 INFO  LogUtils:48 - Windows
2018-04-09 19:31:11 INFO  LogUtils:48 - Firefox
2018-04-09 19:31:11 INFO  LogUtils:48 - Yes
2018-04-09 19:31:11 INFO  LogUtils:48 - http://localhost:4444/wd/hub
2018-04-09 19:31:11 INFO  LogUtils:48 - Entering Method : intializeDriver
2018-04-09 19:31:11 INFO  LogUtils:48 - Using Browser Firefox
2018-04-09 19:31:11 INFO  LogUtils:48 - Entering Block to run test on Remote Environment
2018-04-09 19:31:15 INFO  LogUtils:48 - onFinish ISuite : About to end executing Suite Regression Suite - Project 01
2018-04-09 19:35:20 INFO  LogUtils:48 - onStart ISuite : About to begin executing Suite Regression Suite - Project 01
2018-04-09 19:35:20 INFO  LogUtils:48 - onStart ITestContext : About to begin executing Test Project 01 - Test 01
2018-04-09 19:35:21 INFO  LogUtils:48 - Calling Constructor : DriverUtil()
2018-04-09 19:35:21 INFO  LogUtils:48 - Reading Contents of Property File
2018-04-09 19:35:21 INFO  LogUtils:48 - Windows
2018-04-09 19:35:21 INFO  LogUtils:48 - Firefox
2018-04-09 19:35:21 INFO  LogUtils:48 - Yes
2018-04-09 19:35:21 INFO  LogUtils:48 - http://localhost:4444/wd/hub
2018-04-09 19:35:21 INFO  LogUtils:48 - Entering Method : intializeDriver
2018-04-09 19:35:21 INFO  LogUtils:48 - Using Browser Firefox
2018-04-09 19:35:21 INFO  LogUtils:48 - Entering Block to run test on Remote Environment
2018-04-09 19:35:26 INFO  LogUtils:48 - Calling BasePage Constructor
2018-04-09 19:35:26 INFO  LogUtils:48 - Reading Contents of Property File
2018-04-09 19:35:26 INFO  LogUtils:48 - Platform => Windows
2018-04-09 19:35:26 INFO  LogUtils:48 - RemoteURL => http://localhost:4444/wd/hub
2018-04-09 19:35:26 INFO  LogUtils:48 - IsRemote => Yes
2018-04-09 19:35:26 INFO  LogUtils:48 - Browser => Firefox
2018-04-09 19:35:26 INFO  LogUtils:48 - File test-data.xlsx
2018-04-09 19:35:26 INFO  LogUtils:48 - Using getUrl()
2018-04-09 19:35:35 INFO  LogUtils:48 - Using click()
2018-04-09 19:35:42 INFO  LogUtils:48 - onFinish ISuite : About to end executing Suite Regression Suite - Project 01
2018-04-09 19:41:14 INFO  LogUtils:48 - onStart ISuite : About to begin executing Suite Regression Suite - Project 01
2018-04-09 19:41:14 INFO  LogUtils:48 - onStart ITestContext : About to begin executing Test Project 01 - Test 01
2018-04-09 19:41:14 INFO  LogUtils:48 - Calling Constructor : DriverUtil()
2018-04-09 19:41:14 INFO  LogUtils:48 - Reading Contents of Property File
2018-04-09 19:41:14 INFO  LogUtils:48 - Windows
2018-04-09 19:41:14 INFO  LogUtils:48 - Firefox
2018-04-09 19:41:14 INFO  LogUtils:48 - Yes
2018-04-09 19:41:14 INFO  LogUtils:48 - http://localhost:4444/wd/hub
2018-04-09 19:41:14 INFO  LogUtils:48 - Entering Method : intializeDriver
2018-04-09 19:41:14 INFO  LogUtils:48 - Using Browser Firefox
2018-04-09 19:41:14 INFO  LogUtils:48 - Entering Block to run test on Remote Environment
2018-04-09 19:41:22 INFO  LogUtils:48 - Calling BasePage Constructor
2018-04-09 19:41:22 INFO  LogUtils:48 - Reading Contents of Property File
2018-04-09 19:41:22 INFO  LogUtils:48 - Platform => Windows
2018-04-09 19:41:22 INFO  LogUtils:48 - RemoteURL => http://localhost:4444/wd/hub
2018-04-09 19:41:22 INFO  LogUtils:48 - IsRemote => Yes
2018-04-09 19:41:22 INFO  LogUtils:48 - Browser => Firefox
2018-04-09 19:41:22 INFO  LogUtils:48 - File test-data.xlsx
2018-04-09 19:41:22 INFO  LogUtils:48 - Using getUrl()
2018-04-09 19:41:29 INFO  LogUtils:48 - Using click()
2018-04-09 19:41:37 INFO  LogUtils:48 - onFinish ISuite : About to end executing Suite Regression Suite - Project 01
2018-04-09 19:46:07 INFO  LogUtils:48 - onStart ISuite : About to begin executing Suite Regression Suite - Project 01
2018-04-09 19:46:07 INFO  LogUtils:48 - onStart ITestContext : About to begin executing Test Project 01 - Test 01
2018-04-09 19:46:07 INFO  LogUtils:48 - Calling Constructor : DriverUtil()
2018-04-09 19:46:07 INFO  LogUtils:48 - Reading Contents of Property File
2018-04-09 19:46:07 INFO  LogUtils:48 - Windows
2018-04-09 19:46:07 INFO  LogUtils:48 - Firefox
2018-04-09 19:46:07 INFO  LogUtils:48 - Yes
2018-04-09 19:46:07 INFO  LogUtils:48 - http://localhost:4444/wd/hub
2018-04-09 19:46:07 INFO  LogUtils:48 - Entering Method : intializeDriver
2018-04-09 19:46:07 INFO  LogUtils:48 - Using Browser Firefox
2018-04-09 19:46:07 INFO  LogUtils:48 - Entering Block to run test on Remote Environment
2018-04-09 19:46:11 INFO  LogUtils:48 - Calling BasePage Constructor
2018-04-09 19:46:11 INFO  LogUtils:48 - Reading Contents of Property File
2018-04-09 19:46:11 INFO  LogUtils:48 - Platform => Windows
2018-04-09 19:46:11 INFO  LogUtils:48 - RemoteURL => http://localhost:4444/wd/hub
2018-04-09 19:46:11 INFO  LogUtils:48 - IsRemote => Yes
2018-04-09 19:46:11 INFO  LogUtils:48 - Browser => Firefox
2018-04-09 19:46:11 INFO  LogUtils:48 - File test-data.xlsx
2018-04-09 19:46:11 INFO  LogUtils:48 - Using getUrl()
2018-04-09 19:46:17 INFO  LogUtils:48 - Using click()
2018-04-09 19:46:21 INFO  LogUtils:48 - onFinish ISuite : About to end executing Suite Regression Suite - Project 01
2018-04-09 19:48:30 INFO  LogUtils:48 - onStart ISuite : About to begin executing Suite Regression Suite - Project 01
2018-04-09 19:48:30 INFO  LogUtils:48 - onStart ITestContext : About to begin executing Test Project 01 - Test 01
2018-04-09 19:48:30 INFO  LogUtils:48 - Calling Constructor : DriverUtil()
2018-04-09 19:48:30 INFO  LogUtils:48 - Reading Contents of Property File
2018-04-09 19:48:30 INFO  LogUtils:48 - Windows
2018-04-09 19:48:30 INFO  LogUtils:48 - Firefox
2018-04-09 19:48:30 INFO  LogUtils:48 - Yes
2018-04-09 19:48:30 INFO  LogUtils:48 - http://localhost:4444/wd/hub
2018-04-09 19:48:30 INFO  LogUtils:48 - Entering Method : intializeDriver
2018-04-09 19:48:30 INFO  LogUtils:48 - Using Browser Firefox
2018-04-09 19:48:30 INFO  LogUtils:48 - Entering Block to run test on Remote Environment
2018-04-09 19:48:35 INFO  LogUtils:48 - Calling BasePage Constructor
2018-04-09 19:48:35 INFO  LogUtils:48 - Reading Contents of Property File
2018-04-09 19:48:35 INFO  LogUtils:48 - Platform => Windows
2018-04-09 19:48:35 INFO  LogUtils:48 - RemoteURL => http://localhost:4444/wd/hub
2018-04-09 19:48:35 INFO  LogUtils:48 - IsRemote => Yes
2018-04-09 19:48:35 INFO  LogUtils:48 - Browser => Firefox
2018-04-09 19:48:35 INFO  LogUtils:48 - File test-data.xlsx
2018-04-09 19:48:35 INFO  LogUtils:48 - Using getUrl()
2018-04-09 19:48:45 INFO  LogUtils:48 - Using click()
2018-04-09 19:48:50 INFO  LogUtils:48 - onFinish ISuite : About to end executing Suite Regression Suite - Project 01
2018-04-09 20:00:19 INFO  LogUtils:48 - onStart ISuite : About to begin executing Suite Regression Suite - Project 01
2018-04-09 20:00:19 INFO  LogUtils:48 - onStart ITestContext : About to begin executing Test Project 01 - Test 01
2018-04-09 20:00:19 INFO  LogUtils:48 - Calling Constructor : DriverUtil()
2018-04-09 20:00:19 INFO  LogUtils:48 - Reading Contents of Property File
2018-04-09 20:00:19 INFO  LogUtils:48 - Windows
2018-04-09 20:00:19 INFO  LogUtils:48 - Firefox
2018-04-09 20:00:19 INFO  LogUtils:48 - Yes
2018-04-09 20:00:19 INFO  LogUtils:48 - http://localhost:4444/wd/hub
2018-04-09 20:00:19 INFO  LogUtils:48 - Entering Method : intializeDriver
2018-04-09 20:00:19 INFO  LogUtils:48 - Using Browser Firefox
2018-04-09 20:00:19 INFO  LogUtils:48 - Entering Block to run test on Remote Environment
2018-04-09 20:00:23 INFO  LogUtils:48 - Calling BasePage Constructor
2018-04-09 20:00:23 INFO  LogUtils:48 - Reading Contents of Property File
2018-04-09 20:00:23 INFO  LogUtils:48 - Platform => Windows
2018-04-09 20:00:23 INFO  LogUtils:48 - RemoteURL => http://localhost:4444/wd/hub
2018-04-09 20:00:23 INFO  LogUtils:48 - IsRemote => Yes
2018-04-09 20:00:23 INFO  LogUtils:48 - Browser => Firefox
2018-04-09 20:00:23 INFO  LogUtils:48 - File test-data.xlsx
2018-04-09 20:00:23 INFO  LogUtils:48 - Using getUrl()
2018-04-09 20:00:32 INFO  LogUtils:48 - Using click()
2018-04-09 20:01:05 INFO  LogUtils:48 - onFinish ISuite : About to end executing Suite Regression Suite - Project 01
2018-04-09 20:07:58 INFO  LogUtils:48 - onStart ISuite : About to begin executing Suite Regression Suite - Project 01
2018-04-09 20:07:58 INFO  LogUtils:48 - onStart ITestContext : About to begin executing Test Project 01 - Test 01
2018-04-09 20:07:58 INFO  LogUtils:48 - Calling Constructor : DriverUtil()
2018-04-09 20:07:58 INFO  LogUtils:48 - Reading Contents of Property File
2018-04-09 20:07:58 INFO  LogUtils:48 - Windows
2018-04-09 20:07:58 INFO  LogUtils:48 - Firefox
2018-04-09 20:07:58 INFO  LogUtils:48 - Yes
2018-04-09 20:07:58 INFO  LogUtils:48 - http://localhost:4444/wd/hub
2018-04-09 20:07:58 INFO  LogUtils:48 - Entering Method : intializeDriver
2018-04-09 20:07:58 INFO  LogUtils:48 - Using Browser Firefox
2018-04-09 20:07:58 INFO  LogUtils:48 - Entering Block to run test on Remote Environment
2018-04-09 20:08:04 INFO  LogUtils:48 - Calling BasePage Constructor
2018-04-09 20:08:04 INFO  LogUtils:48 - Reading Contents of Property File
2018-04-09 20:08:04 INFO  LogUtils:48 - Platform => Windows
2018-04-09 20:08:04 INFO  LogUtils:48 - RemoteURL => http://localhost:4444/wd/hub
2018-04-09 20:08:04 INFO  LogUtils:48 - IsRemote => Yes
2018-04-09 20:08:04 INFO  LogUtils:48 - Browser => Firefox
2018-04-09 20:08:04 INFO  LogUtils:48 - File test-data.xlsx
2018-04-09 20:08:04 INFO  LogUtils:48 - Using getUrl()
2018-04-09 20:08:10 INFO  LogUtils:48 - Using click()
2018-04-09 20:08:14 INFO  LogUtils:48 - onFinish ISuite : About to end executing Suite Regression Suite - Project 01
2018-04-09 20:12:54 INFO  LogUtils:48 - onStart ISuite : About to begin executing Suite Regression Suite - Project 01
2018-04-09 20:12:54 INFO  LogUtils:48 - onStart ITestContext : About to begin executing Test Project 01 - Test 01
2018-04-09 20:12:54 INFO  LogUtils:48 - Calling Constructor : DriverUtil()
2018-04-09 20:12:54 INFO  LogUtils:48 - Reading Contents of Property File
2018-04-09 20:12:54 INFO  LogUtils:48 - Windows
2018-04-09 20:12:54 INFO  LogUtils:48 - Firefox
2018-04-09 20:12:54 INFO  LogUtils:48 - Yes
2018-04-09 20:12:54 INFO  LogUtils:48 - http://localhost:4444/wd/hub
2018-04-09 20:12:54 INFO  LogUtils:48 - Entering Method : intializeDriver
2018-04-09 20:12:54 INFO  LogUtils:48 - Using Browser Firefox
2018-04-09 20:12:54 INFO  LogUtils:48 - Entering Block to run test on Remote Environment
2018-04-09 20:12:59 INFO  LogUtils:48 - Calling BasePage Constructor
2018-04-09 20:12:59 INFO  LogUtils:48 - Reading Contents of Property File
2018-04-09 20:12:59 INFO  LogUtils:48 - Platform => Windows
2018-04-09 20:12:59 INFO  LogUtils:48 - RemoteURL => http://localhost:4444/wd/hub
2018-04-09 20:12:59 INFO  LogUtils:48 - IsRemote => Yes
2018-04-09 20:12:59 INFO  LogUtils:48 - Browser => Firefox
2018-04-09 20:12:59 INFO  LogUtils:48 - File test-data.xlsx
2018-04-09 20:12:59 INFO  LogUtils:48 - Using getUrl()
2018-04-09 20:13:05 INFO  LogUtils:48 - Using click()
2018-04-09 20:13:11 INFO  LogUtils:48 - onFinish ISuite : About to end executing Suite Regression Suite - Project 01
2018-04-09 20:21:38 INFO  LogUtils:48 - onStart ISuite : About to begin executing Suite Regression Suite - Project 01
2018-04-09 20:21:38 INFO  LogUtils:48 - onStart ITestContext : About to begin executing Test Project 01 - Test 01
2018-04-09 20:21:38 INFO  LogUtils:48 - Calling Constructor : DriverUtil()
2018-04-09 20:21:38 INFO  LogUtils:48 - Reading Contents of Property File
2018-04-09 20:21:38 INFO  LogUtils:48 - Windows
2018-04-09 20:21:38 INFO  LogUtils:48 - Firefox
2018-04-09 20:21:38 INFO  LogUtils:48 - Yes
2018-04-09 20:21:38 INFO  LogUtils:48 - http://localhost:4444/wd/hub
2018-04-09 20:21:38 INFO  LogUtils:48 - Entering Method : intializeDriver
2018-04-09 20:21:38 INFO  LogUtils:48 - Using Browser Firefox
2018-04-09 20:21:38 INFO  LogUtils:48 - Entering Block to run test on Remote Environment
2018-04-09 20:21:43 INFO  LogUtils:48 - Calling BasePage Constructor
2018-04-09 20:21:43 INFO  LogUtils:48 - Reading Contents of Property File
2018-04-09 20:21:43 INFO  LogUtils:48 - Platform => Windows
2018-04-09 20:21:43 INFO  LogUtils:48 - RemoteURL => http://localhost:4444/wd/hub
2018-04-09 20:21:43 INFO  LogUtils:48 - IsRemote => Yes
2018-04-09 20:21:43 INFO  LogUtils:48 - Browser => Firefox
2018-04-09 20:21:43 INFO  LogUtils:48 - File test-data.xlsx
2018-04-09 20:21:43 INFO  LogUtils:48 - Using getUrl()
2018-04-09 20:21:52 INFO  LogUtils:48 - Using click()
2018-04-09 20:22:00 INFO  LogUtils:48 - onFinish ISuite : About to end executing Suite Regression Suite - Project 01
2018-04-09 20:53:42 INFO  LogUtils:48 - onStart ISuite : About to begin executing Suite Regression Suite - Project 01
2018-04-09 20:53:42 INFO  LogUtils:48 - onStart ITestContext : About to begin executing Test Project 01 - Test 01
2018-04-09 20:53:42 INFO  LogUtils:48 - Calling Constructor : DriverUtil()
2018-04-09 20:53:42 INFO  LogUtils:48 - Reading Contents of Property File
2018-04-09 20:53:42 INFO  LogUtils:48 - Windows
2018-04-09 20:53:42 INFO  LogUtils:48 - Firefox
2018-04-09 20:53:42 INFO  LogUtils:48 - Yes
2018-04-09 20:53:42 INFO  LogUtils:48 - http://localhost:4444/wd/hub
2018-04-09 20:53:42 INFO  LogUtils:48 - Entering Method : intializeDriver
2018-04-09 20:53:42 INFO  LogUtils:48 - Using Browser Firefox
2018-04-09 20:53:42 INFO  LogUtils:48 - Entering Block to run test on Remote Environment
2018-04-09 20:53:50 INFO  LogUtils:48 - Calling BasePage Constructor
2018-04-09 20:53:50 INFO  LogUtils:48 - Reading Contents of Property File
2018-04-09 20:53:50 INFO  LogUtils:48 - Platform => Windows
2018-04-09 20:53:50 INFO  LogUtils:48 - RemoteURL => http://localhost:4444/wd/hub
2018-04-09 20:53:50 INFO  LogUtils:48 - IsRemote => Yes
2018-04-09 20:53:50 INFO  LogUtils:48 - Browser => Firefox
2018-04-09 20:53:50 INFO  LogUtils:48 - File test-data.xlsx
2018-04-09 20:53:50 INFO  LogUtils:48 - Using getUrl()
2018-04-09 20:53:58 INFO  LogUtils:48 - Using click()
2018-04-09 20:54:05 INFO  LogUtils:48 - onFinish ISuite : About to end executing Suite Regression Suite - Project 01
2018-04-09 20:55:46 INFO  LogUtils:48 - onStart ISuite : About to begin executing Suite Regression Suite - Project 01
2018-04-09 20:55:46 INFO  LogUtils:48 - onStart ITestContext : About to begin executing Test Project 01 - Test 01
2018-04-09 20:55:46 INFO  LogUtils:48 - Calling Constructor : DriverUtil()
2018-04-09 20:55:46 INFO  LogUtils:48 - Reading Contents of Property File
2018-04-09 20:55:46 INFO  LogUtils:48 - Windows
2018-04-09 20:55:46 INFO  LogUtils:48 - Firefox
2018-04-09 20:55:46 INFO  LogUtils:48 - Yes
2018-04-09 20:55:46 INFO  LogUtils:48 - http://localhost:4444/wd/hub
2018-04-09 20:55:46 INFO  LogUtils:48 - Entering Method : intializeDriver
2018-04-09 20:55:46 INFO  LogUtils:48 - Using Browser Firefox
2018-04-09 20:55:46 INFO  LogUtils:48 - Entering Block to run test on Remote Environment
2018-04-09 20:55:53 INFO  LogUtils:48 - Calling BasePage Constructor
2018-04-09 20:55:53 INFO  LogUtils:48 - Reading Contents of Property File
2018-04-09 20:55:53 INFO  LogUtils:48 - Platform => Windows
2018-04-09 20:55:53 INFO  LogUtils:48 - RemoteURL => http://localhost:4444/wd/hub
2018-04-09 20:55:53 INFO  LogUtils:48 - IsRemote => Yes
2018-04-09 20:55:53 INFO  LogUtils:48 - Browser => Firefox
2018-04-09 20:55:53 INFO  LogUtils:48 - File test-data.xlsx
2018-04-09 20:55:53 INFO  LogUtils:48 - Using getUrl()
2018-04-09 20:56:05 INFO  LogUtils:48 - Using click()
2018-04-09 20:56:13 INFO  LogUtils:48 - onFinish ISuite : About to end executing Suite Regression Suite - Project 01
2018-04-09 20:56:56 INFO  LogUtils:48 - onStart ISuite : About to begin executing Suite Regression Suite - Project 01
2018-04-09 20:56:56 INFO  LogUtils:48 - onStart ITestContext : About to begin executing Test Project 01 - Test 01
2018-04-09 20:56:56 INFO  LogUtils:48 - Calling Constructor : DriverUtil()
2018-04-09 20:56:56 INFO  LogUtils:48 - Reading Contents of Property File
2018-04-09 20:56:56 INFO  LogUtils:48 - Windows
2018-04-09 20:56:56 INFO  LogUtils:48 - Firefox
2018-04-09 20:56:56 INFO  LogUtils:48 - Yes
2018-04-09 20:56:56 INFO  LogUtils:48 - http://localhost:4444/wd/hub
2018-04-09 20:56:56 INFO  LogUtils:48 - Entering Method : intializeDriver
2018-04-09 20:56:56 INFO  LogUtils:48 - Using Browser Firefox
2018-04-09 20:56:56 INFO  LogUtils:48 - Entering Block to run test on Remote Environment
2018-04-09 20:57:01 INFO  LogUtils:48 - Calling BasePage Constructor
2018-04-09 20:57:01 INFO  LogUtils:48 - Reading Contents of Property File
2018-04-09 20:57:01 INFO  LogUtils:48 - Platform => Windows
2018-04-09 20:57:01 INFO  LogUtils:48 - RemoteURL => http://localhost:4444/wd/hub
2018-04-09 20:57:01 INFO  LogUtils:48 - IsRemote => Yes
2018-04-09 20:57:01 INFO  LogUtils:48 - Browser => Firefox
2018-04-09 20:57:01 INFO  LogUtils:48 - File test-data.xlsx
2018-04-09 20:57:01 INFO  LogUtils:48 - Using getUrl()
2018-04-09 20:57:13 INFO  LogUtils:48 - Using click()
2018-04-09 20:57:22 INFO  LogUtils:48 - onFinish ISuite : About to end executing Suite Regression Suite - Project 01
2018-04-09 21:01:01 INFO  LogUtils:48 - onStart ISuite : About to begin executing Suite Regression Suite - Project 01
2018-04-09 21:01:01 INFO  LogUtils:48 - onStart ITestContext : About to begin executing Test Project 01 - Test 01
2018-04-09 21:01:01 INFO  LogUtils:48 - Calling Constructor : DriverUtil()
2018-04-09 21:01:01 INFO  LogUtils:48 - Reading Contents of Property File
2018-04-09 21:01:01 INFO  LogUtils:48 - Windows
2018-04-09 21:01:01 INFO  LogUtils:48 - Firefox
2018-04-09 21:01:01 INFO  LogUtils:48 - Yes
2018-04-09 21:01:01 INFO  LogUtils:48 - http://localhost:4444/wd/hub
2018-04-09 21:01:01 INFO  LogUtils:48 - Entering Method : intializeDriver
2018-04-09 21:01:01 INFO  LogUtils:48 - Using Browser Firefox
2018-04-09 21:01:01 INFO  LogUtils:48 - Entering Block to run test on Remote Environment
2018-04-09 21:01:06 INFO  LogUtils:48 - Calling BasePage Constructor
2018-04-09 21:01:06 INFO  LogUtils:48 - Reading Contents of Property File
2018-04-09 21:01:06 INFO  LogUtils:48 - Platform => Windows
2018-04-09 21:01:06 INFO  LogUtils:48 - RemoteURL => http://localhost:4444/wd/hub
2018-04-09 21:01:06 INFO  LogUtils:48 - IsRemote => Yes
2018-04-09 21:01:06 INFO  LogUtils:48 - Browser => Firefox
2018-04-09 21:01:06 INFO  LogUtils:48 - File test-data.xlsx
2018-04-09 21:01:06 INFO  LogUtils:48 - Using getUrl()
2018-04-09 21:01:17 INFO  LogUtils:48 - Using click()
2018-04-09 21:01:25 INFO  LogUtils:48 - onFinish ISuite : About to end executing Suite Regression Suite - Project 01
2018-04-10 12:21:07 INFO  LogUtils:48 - onStart ISuite : About to begin executing Suite Regression Suite - Project 01
2018-04-10 12:21:07 INFO  LogUtils:48 - onStart ITestContext : About to begin executing Test Project 01 - Test 01
2018-04-10 12:21:07 INFO  LogUtils:48 - Calling Constructor : DriverUtil()
2018-04-10 12:21:07 INFO  LogUtils:48 - Reading Contents of Property File
2018-04-10 12:21:07 INFO  LogUtils:48 - Windows
2018-04-10 12:21:07 INFO  LogUtils:48 - Firefox
2018-04-10 12:21:07 INFO  LogUtils:48 - Yes
2018-04-10 12:21:07 INFO  LogUtils:48 - http://localhost:4444/wd/hub
2018-04-10 12:21:07 INFO  LogUtils:48 - Entering Method : intializeDriver
2018-04-10 12:21:07 INFO  LogUtils:48 - Using Browser Firefox
2018-04-10 12:21:07 INFO  LogUtils:48 - Entering Block to run test on Remote Environment
2018-04-10 12:21:15 INFO  LogUtils:48 - Calling BasePage Constructor
2018-04-10 12:21:15 INFO  LogUtils:48 - Reading Contents of Property File
2018-04-10 12:21:15 INFO  LogUtils:48 - Platform => Windows
2018-04-10 12:21:15 INFO  LogUtils:48 - RemoteURL => http://localhost:4444/wd/hub
2018-04-10 12:21:15 INFO  LogUtils:48 - IsRemote => Yes
2018-04-10 12:21:15 INFO  LogUtils:48 - Browser => Firefox
2018-04-10 12:21:15 INFO  LogUtils:48 - File test-data.xlsx
2018-04-10 12:21:15 INFO  LogUtils:48 - Using getUrl()
2018-04-10 12:21:22 INFO  LogUtils:48 - Using click()
2018-04-10 12:21:29 INFO  LogUtils:48 - onFinish ISuite : About to end executing Suite Regression Suite - Project 01
2018-04-10 12:22:47 INFO  LogUtils:48 - onStart ISuite : About to begin executing Suite Regression Suite - Project 01
2018-04-10 12:22:47 INFO  LogUtils:48 - onStart ITestContext : About to begin executing Test Project 01 - Test 01
2018-04-10 12:22:47 INFO  LogUtils:48 - Calling Constructor : DriverUtil()
2018-04-10 12:22:47 INFO  LogUtils:48 - Reading Contents of Property File
2018-04-10 12:22:47 INFO  LogUtils:48 - Windows
2018-04-10 12:22:47 INFO  LogUtils:48 - Firefox
2018-04-10 12:22:47 INFO  LogUtils:48 - Yes
2018-04-10 12:22:47 INFO  LogUtils:48 - http://localhost:4444/wd/hub
2018-04-10 12:22:47 INFO  LogUtils:48 - Entering Method : intializeDriver
2018-04-10 12:22:47 INFO  LogUtils:48 - Using Browser Firefox
2018-04-10 12:22:47 INFO  LogUtils:48 - Entering Block to run test on Remote Environment
2018-04-10 12:22:55 INFO  LogUtils:48 - Calling BasePage Constructor
2018-04-10 12:22:55 INFO  LogUtils:48 - Reading Contents of Property File
2018-04-10 12:22:55 INFO  LogUtils:48 - Platform => Windows
2018-04-10 12:22:55 INFO  LogUtils:48 - RemoteURL => http://localhost:4444/wd/hub
2018-04-10 12:22:55 INFO  LogUtils:48 - IsRemote => Yes
2018-04-10 12:22:55 INFO  LogUtils:48 - Browser => Firefox
2018-04-10 12:22:55 INFO  LogUtils:48 - File test-data.xlsx
2018-04-10 12:22:55 INFO  LogUtils:48 - Using getUrl()
2018-04-10 12:23:04 INFO  LogUtils:48 - Using click()
2018-04-10 12:23:12 INFO  LogUtils:48 - onFinish ISuite : About to end executing Suite Regression Suite - Project 01
2018-04-10 12:23:51 INFO  LogUtils:48 - onStart ISuite : About to begin executing Suite Regression Suite - Project 01
2018-04-10 12:23:51 INFO  LogUtils:48 - onStart ITestContext : About to begin executing Test Project 01 - Test 01
2018-04-10 12:23:51 INFO  LogUtils:48 - Calling Constructor : DriverUtil()
2018-04-10 12:23:51 INFO  LogUtils:48 - Reading Contents of Property File
2018-04-10 12:23:51 INFO  LogUtils:48 - Windows
2018-04-10 12:23:51 INFO  LogUtils:48 - Firefox
2018-04-10 12:23:51 INFO  LogUtils:48 - Yes
2018-04-10 12:23:51 INFO  LogUtils:48 - http://localhost:4444/wd/hub
2018-04-10 12:23:51 INFO  LogUtils:48 - Entering Method : intializeDriver
2018-04-10 12:23:51 INFO  LogUtils:48 - Using Browser Firefox
2018-04-10 12:23:51 INFO  LogUtils:48 - Entering Block to run test on Remote Environment
2018-04-10 12:24:01 INFO  LogUtils:48 - Calling BasePage Constructor
2018-04-10 12:24:01 INFO  LogUtils:48 - Reading Contents of Property File
2018-04-10 12:24:01 INFO  LogUtils:48 - Platform => Windows
2018-04-10 12:24:01 INFO  LogUtils:48 - RemoteURL => http://localhost:4444/wd/hub
2018-04-10 12:24:01 INFO  LogUtils:48 - IsRemote => Yes
2018-04-10 12:24:01 INFO  LogUtils:48 - Browser => Firefox
2018-04-10 12:24:01 INFO  LogUtils:48 - File test-data.xlsx
2018-04-10 12:24:01 INFO  LogUtils:48 - Using getUrl()
2018-04-10 12:24:08 INFO  LogUtils:48 - Using click()
2018-04-10 12:24:15 INFO  LogUtils:48 - onFinish ISuite : About to end executing Suite Regression Suite - Project 01
2018-04-10 12:59:34 INFO  LogUtils:48 - Calling Constructor : DriverUtil()
2018-04-10 12:59:34 INFO  LogUtils:48 - Reading Contents of Property File
2018-04-10 12:59:34 INFO  LogUtils:48 - Windows
2018-04-10 12:59:34 INFO  LogUtils:48 - Firefox
2018-04-10 12:59:34 INFO  LogUtils:48 - Yes
2018-04-10 12:59:34 INFO  LogUtils:48 - http://localhost:4444/wd/hub
2018-04-10 12:59:34 INFO  LogUtils:48 - Entering Method : intializeDriver
2018-04-10 12:59:34 INFO  LogUtils:48 - Using Browser Firefox
2018-04-10 12:59:34 INFO  LogUtils:48 - Entering Block to run test on Remote Environment
2018-04-10 12:59:40 INFO  LogUtils:48 - Calling BasePage Constructor
2018-04-10 12:59:40 INFO  LogUtils:48 - Reading Contents of Property File
2018-04-10 12:59:40 INFO  LogUtils:48 - Platform => Windows
2018-04-10 12:59:40 INFO  LogUtils:48 - RemoteURL => http://localhost:4444/wd/hub
2018-04-10 12:59:40 INFO  LogUtils:48 - IsRemote => Yes
2018-04-10 12:59:40 INFO  LogUtils:48 - Browser => Firefox
2018-04-10 12:59:40 INFO  LogUtils:48 - File test-data.xlsx
2018-04-10 12:59:40 INFO  LogUtils:48 - Using getUrl()
2018-04-10 12:59:48 INFO  LogUtils:48 - Using click()
2018-04-10 12:59:52 INFO  MyLogger:48 - Running Method : onExecutionFinish
