[INFO] 2017-06-09 13:23:55,742 raftaar.testautomation.utils.LogManager info - Browser Initialized
[INFO] 2017-06-09 13:23:55,769 raftaar.testautomation.utils.LogManager startTestCase - ****************************************************************************************
[INFO] 2017-06-09 13:23:55,769 raftaar.testautomation.utils.LogManager startTestCase - ****************************************************************************************
[INFO] 2017-06-09 13:23:55,769 raftaar.testautomation.utils.LogManager startTestCase - $$$$$$$$$$$$$$$$$$$$$                 raftaar.testautomation.webTests.makeMyTrip.ClassB       $$$$$$$$$$$$$$$$$$$$$$$$$
[INFO] 2017-06-09 13:23:55,769 raftaar.testautomation.utils.LogManager startTestCase - ****************************************************************************************
[INFO] 2017-06-09 13:23:55,770 raftaar.testautomation.utils.LogManager startTestCase - ****************************************************************************************
[INFO] 2017-06-09 13:25:44,355 raftaar.testautomation.utils.LogManager info - Browser Initialized
[INFO] 2017-06-09 13:25:44,397 raftaar.testautomation.utils.LogManager startTestCase - ****************************************************************************************
[INFO] 2017-06-09 13:25:44,423 raftaar.testautomation.utils.LogManager startTestCase - ****************************************************************************************
[INFO] 2017-06-09 13:25:44,423 raftaar.testautomation.utils.LogManager startTestCase - $$$$$$$$$$$$$$$$$$$$$                 raftaar.testautomation.webTests.makeMyTrip.ClassB       $$$$$$$$$$$$$$$$$$$$$$$$$
[INFO] 2017-06-09 13:25:44,423 raftaar.testautomation.utils.LogManager startTestCase - ****************************************************************************************
[INFO] 2017-06-09 13:25:44,424 raftaar.testautomation.utils.LogManager startTestCase - ****************************************************************************************
[INFO] 2017-06-09 13:26:57,746 raftaar.testautomation.utils.LogManager info - Browser Initialized
[INFO] 2017-06-09 13:26:57,768 raftaar.testautomation.utils.LogManager startTestCase - ****************************************************************************************
[INFO] 2017-06-09 13:26:57,768 raftaar.testautomation.utils.LogManager startTestCase - ****************************************************************************************
[INFO] 2017-06-09 13:26:57,768 raftaar.testautomation.utils.LogManager startTestCase - $$$$$$$$$$$$$$$$$$$$$                 raftaar.testautomation.webTests.makeMyTrip.ClassB       $$$$$$$$$$$$$$$$$$$$$$$$$
[INFO] 2017-06-09 13:26:57,768 raftaar.testautomation.utils.LogManager startTestCase - ****************************************************************************************
[INFO] 2017-06-09 13:26:57,769 raftaar.testautomation.utils.LogManager startTestCase - ****************************************************************************************
[INFO] 2017-06-09 13:41:49,905 raftaar.testautomation.utils.LogManager info - Browser Initialized
[INFO] 2017-06-09 13:41:49,923 raftaar.testautomation.utils.LogManager info - Home Page Elements Page Initialized
[INFO] 2017-06-09 13:41:49,977 raftaar.testautomation.utils.LogManager startTestCase - ****************************************************************************************
[INFO] 2017-06-09 13:41:49,977 raftaar.testautomation.utils.LogManager startTestCase - ****************************************************************************************
[INFO] 2017-06-09 13:41:49,977 raftaar.testautomation.utils.LogManager startTestCase - $$$$$$$$$$$$$$$$$$$$$                 raftaar.testautomation.webTests.bookTheAutomatedTester.ClassA       $$$$$$$$$$$$$$$$$$$$$$$$$
[INFO] 2017-06-09 13:41:49,977 raftaar.testautomation.utils.LogManager startTestCase - ****************************************************************************************
[INFO] 2017-06-09 13:41:49,978 raftaar.testautomation.utils.LogManager startTestCase - ****************************************************************************************
[INFO] 2017-06-09 13:41:56,952 raftaar.testautomation.utils.LogManager info - Browser Initialized
[INFO] 2017-06-09 13:41:56,958 raftaar.testautomation.utils.LogManager info - Home Page Elements Page Initialized
